<?xml version="1.0" encoding="UTF-8"?>
<!-- Generated by org.testng.reporters.JUnitReportReporter -->
<testsuite hostname="ip-172-31-18-244" failures="0" tests="1" name="restAPI.PutRequest" time="1.222" errors="0" timestamp="03 Feb 2024 16:27:08 GMT" skipped="0">
  <testcase classname="restAPI.PutRequest" name="test1" time="1.222"/>
</testsuite> <!-- restAPI.PutRequest -->
