<?xml version="1.0" encoding="UTF-8"?>
<!-- Generated by org.testng.reporters.JUnitReportReporter -->
<testsuite hostname="ip-172-31-18-244" failures="0" tests="1" name="restAPI.GetRequest" time="1.527" errors="0" timestamp="03 Feb 2024 15:22:56 GMT" skipped="0">
  <testcase classname="restAPI.GetRequest" name="test1" time="1.527"/>
</testsuite> <!-- restAPI.GetRequest -->
