<?xml version="1.0" encoding="UTF-8"?>
<!-- Generated by org.testng.reporters.JUnitReportReporter -->
<testsuite hostname="ip-172-31-18-244" failures="0" tests="1" name="restAPI.PostRequest" time="1.276" errors="0" timestamp="03 Feb 2024 15:08:12 GMT" skipped="0">
  <testcase classname="restAPI.PostRequest" name="test1" time="1.276"/>
</testsuite> <!-- restAPI.PostRequest -->
