<?xml version="1.0" encoding="UTF-8"?>
<!-- Generated by org.testng.reporters.JUnitReportReporter -->
<testsuite hostname="ip-172-31-18-244" failures="0" tests="6" name="restAPIBDD.APIOperationsTest" time="2.740" errors="0" timestamp="04 Feb 2024 17:30:53 GMT" skipped="0">
  <testcase classname="restAPIBDD.APIOperationsTest" name="PutOperationWithHashMap" time="0.042"/>
  <testcase classname="restAPIBDD.APIOperationsTest" name="GetOperation" time="0.021"/>
  <testcase classname="restAPIBDD.APIOperationsTest" name="GetOperationWithQueryParameters" time="0.419"/>
  <testcase classname="restAPIBDD.APIOperationsTest" name="DeleteOperationWithHashMap" time="1.272"/>
  <testcase classname="restAPIBDD.APIOperationsTest" name="GetOperationWithPathParameters" time="0.594"/>
  <testcase classname="restAPIBDD.APIOperationsTest" name="PostOperationWithHashMap" time="0.392"/>
</testsuite> <!-- restAPIBDD.APIOperationsTest -->
