<?xml version="1.0" encoding="UTF-8"?>
<!-- Generated by org.testng.reporters.JUnitReportReporter -->
<testsuite hostname="ip-172-31-18-244" failures="0" tests="1" name="restAPIXML.XMLTest" time="2.653" errors="0" timestamp="03 Feb 2024 17:19:05 GMT" skipped="0">
  <testcase classname="restAPIXML.XMLTest" name="test1" time="2.653"/>
</testsuite> <!-- restAPIXML.XMLTest -->
