<?xml version="1.0" encoding="UTF-8"?>
<!-- Generated by org.testng.reporters.JUnitReportReporter -->
<testsuite hostname="ip-172-31-18-244" failures="0" tests="1" name="restAPI.PostRequestWithJsonFile" time="1.365" errors="0" timestamp="03 Feb 2024 15:41:37 GMT" skipped="0">
  <testcase classname="restAPI.PostRequestWithJsonFile" name="test1" time="1.365"/>
</testsuite> <!-- restAPI.PostRequestWithJsonFile -->
