<?xml version="1.0" encoding="UTF-8"?>
<!-- Generated by org.testng.reporters.JUnitReportReporter -->
<testsuite hostname="ip-172-31-18-244" failures="0" tests="1" name="github.CreateRepo" time="1.297" errors="0" timestamp="04 Feb 2024 14:32:32 GMT" skipped="0">
  <testcase classname="github.CreateRepo" name="test1" time="1.297"/>
</testsuite> <!-- github.CreateRepo -->
