<?xml version="1.0" encoding="UTF-8"?>
<!-- Generated by org.testng.reporters.JUnitReportReporter -->
<testsuite hostname="ip-172-31-18-244" failures="0" tests="1" name="github.GetAllRepo" time="1.706" errors="0" timestamp="03 Feb 2024 17:40:18 GMT" skipped="0">
  <testcase classname="github.GetAllRepo" name="test1" time="1.706"/>
</testsuite> <!-- github.GetAllRepo -->
